Problem: openmdao   method: _solve_nonlinear

  Parallel group: traj.phases (ncalls = 1)

  System                 Rank      Avg Time     Min Time     Max_time   Total Time
  ------                 ----      --------     --------     --------   ----------
  phase1                    0       35.4402      35.4402      35.4402      35.4402
  phase1                    1       35.4307      35.4307      35.4307      35.4307
  phase1                    2       35.4411      35.4411      35.4411      35.4411
  phase1                    3       35.4397      35.4397      35.4397      35.4397
  phase1                    4       35.4326      35.4326      35.4326      35.4326
  phase1                    5       35.4324      35.4324      35.4324      35.4324
  phase1                    6       35.4290      35.4290      35.4290      35.4290
  phase1                    7       35.4345      35.4345      35.4345      35.4345

  Parallel group: traj.phases.phase1.rhs_all.aero.OAS.parallel (ncalls = 1)

  System                 Rank      Avg Time     Min Time     Max_time   Total Time
  ------                 ----      --------     --------     --------   ----------
  node_3                    0        1.3234       1.3234       1.3234       1.3234
  node_11                   0        1.7012       1.7012       1.7012       1.7012
  node_27                   0        1.7074       1.7074       1.7074       1.7074
  node_35                   0        1.7019       1.7019       1.7019       1.7019
  node_39                   0        1.7910       1.7910       1.7910       1.7910
  node_43                   0        1.8464       1.8464       1.8464       1.8464
  node_51                   0        1.9137       1.9137       1.9137       1.9137
  node_68                   0        1.7721       1.7721       1.7721       1.7721
  node_76                   0        1.8286       1.8286       1.8286       1.8286
  node_79                   0        1.7963       1.7963       1.7963       1.7963
  node_84                   0        1.6913       1.6913       1.6913       1.6913
  node_92                   0        1.4569       1.4569       1.4569       1.4569
  node_108                  0        1.6359       1.6359       1.6359       1.6359
  node_116                  0        1.8428       1.8428       1.8428       1.8428
  node_119                  0        1.5729       1.5729       1.5729       1.5729
  node_124                  0        1.7090       1.7090       1.7090       1.7090
  node_132                  0        1.8845       1.8845       1.8845       1.8845
  node_148                  0        1.6557       1.6557       1.6557       1.6557
  node_156                  0        1.6275       1.6275       1.6275       1.6275
  node_159                  0        1.5297       1.5297       1.5297       1.5297
  node_2                    1        1.8716       1.8716       1.8716       1.8716
  node_10                   1        1.6626       1.6626       1.6626       1.6626
  node_26                   1        1.7788       1.7788       1.7788       1.7788
  node_34                   1        1.6497       1.6497       1.6497       1.6497
  node_38                   1        1.7739       1.7739       1.7739       1.7739
  node_42                   1        1.7443       1.7443       1.7443       1.7443
  node_50                   1        1.4857       1.4857       1.4857       1.4857
  node_67                   1        1.6075       1.6075       1.6075       1.6075
  node_75                   1        1.8104       1.8104       1.8104       1.8104
  node_80                   1        1.2031       1.2031       1.2031       1.2031
  node_81                   1        1.6179       1.6179       1.6179       1.6179
  node_83                   1        1.7457       1.7457       1.7457       1.7457
  node_91                   1        1.6787       1.6787       1.6787       1.6787
  node_107                  1        1.6982       1.6982       1.6982       1.6982
  node_115                  1        1.6628       1.6628       1.6628       1.6628
  node_123                  1        1.6665       1.6665       1.6665       1.6665
  node_131                  1        1.7402       1.7402       1.7402       1.7402
  node_147                  1        1.7050       1.7050       1.7050       1.7050
  node_155                  1        1.6790       1.6790       1.6790       1.6790
  node_158                  1        1.8393       1.8393       1.8393       1.8393
  node_1                    2        1.2674       1.2674       1.2674       1.2674
  node_8                    2        1.6642       1.6642       1.6642       1.6642
  node_9                    2        1.7373       1.7373       1.7373       1.7373
  node_25                   2        1.7854       1.7854       1.7854       1.7854
  node_33                   2        1.8103       1.8103       1.8103       1.8103
  node_41                   2        1.4945       1.4945       1.4945       1.4945
  node_49                   2        1.8404       1.8404       1.8404       1.8404
  node_57                   2        1.8065       1.8065       1.8065       1.8065
  node_66                   2        1.5923       1.5923       1.5923       1.5923
  node_74                   2        1.7314       1.7314       1.7314       1.7314
  node_82                   2        1.8110       1.8110       1.8110       1.8110
  node_89                   2        1.8689       1.8689       1.8689       1.8689
  node_90                   2        1.7012       1.7012       1.7012       1.7012
  node_106                  2        1.7296       1.7296       1.7296       1.7296
  node_114                  2        2.0134       2.0134       2.0134       2.0134
  node_122                  2        1.6784       1.6784       1.6784       1.6784
  node_129                  2        1.9140       1.9140       1.9140       1.9140
  node_130                  2        1.7931       1.7931       1.7931       1.7931
  node_146                  2        1.7250       1.7250       1.7250       1.7250
  node_154                  2        1.6222       1.6222       1.6222       1.6222
  node_16                   3        1.9081       1.9081       1.9081       1.9081
  node_17                   3        1.6410       1.6410       1.6410       1.6410
  node_18                   3        1.6224       1.6224       1.6224       1.6224
  node_24                   3        1.7043       1.7043       1.7043       1.7043
  node_32                   3        1.7223       1.7223       1.7223       1.7223
  node_48                   3        1.8224       1.8224       1.8224       1.8224
  node_56                   3        1.8065       1.8065       1.8065       1.8065
  node_58                   3        1.8071       1.8071       1.8071       1.8071
  node_65                   3        1.7582       1.7582       1.7582       1.7582
  node_73                   3        1.8242       1.8242       1.8242       1.8242
  node_97                   3        1.6886       1.6886       1.6886       1.6886
  node_98                   3        1.6794       1.6794       1.6794       1.6794
  node_99                   3        1.7243       1.7243       1.7243       1.7243
  node_105                  3        1.9091       1.9091       1.9091       1.9091
  node_113                  3        1.7147       1.7147       1.7147       1.7147
  node_137                  3        1.8427       1.8427       1.8427       1.8427
  node_138                  3        1.9796       1.9796       1.9796       1.9796
  node_139                  3        1.7166       1.7166       1.7166       1.7166
  node_145                  3        1.7871       1.7871       1.7871       1.7871
  node_153                  3        1.1957       1.1957       1.1957       1.1957
  node_7                    4        1.8311       1.8311       1.8311       1.8311
  node_15                   4        1.6984       1.6984       1.6984       1.6984
  node_19                   4        1.7592       1.7592       1.7592       1.7592
  node_23                   4        1.7937       1.7937       1.7937       1.7937
  node_31                   4        1.7303       1.7303       1.7303       1.7303
  node_47                   4        1.8562       1.8562       1.8562       1.8562
  node_55                   4        1.8660       1.8660       1.8660       1.8660
  node_59                   4        1.7508       1.7508       1.7508       1.7508
  node_64                   4        1.8060       1.8060       1.8060       1.8060
  node_72                   4        1.2788       1.2788       1.2788       1.2788
  node_88                   4        1.6335       1.6335       1.6335       1.6335
  node_96                   4        1.7652       1.7652       1.7652       1.7652
  node_100                  4        1.8598       1.8598       1.8598       1.8598
  node_104                  4        1.7801       1.7801       1.7801       1.7801
  node_112                  4        1.7579       1.7579       1.7579       1.7579
  node_128                  4        1.7084       1.7084       1.7084       1.7084
  node_136                  4        1.7858       1.7858       1.7858       1.7858
  node_140                  4        1.7769       1.7769       1.7769       1.7769
  node_144                  4        1.8441       1.8441       1.8441       1.8441
  node_152                  4        1.3745       1.3745       1.3745       1.3745
  node_6                    5        1.7773       1.7773       1.7773       1.7773
  node_14                   5        1.7082       1.7082       1.7082       1.7082
  node_22                   5        1.6695       1.6695       1.6695       1.6695
  node_30                   5        1.7350       1.7350       1.7350       1.7350
  node_37                   5        1.7150       1.7150       1.7150       1.7150
  node_46                   5        1.6083       1.6083       1.6083       1.6083
  node_54                   5        1.8015       1.8015       1.8015       1.8015
  node_60                   5        1.7880       1.7880       1.7880       1.7880
  node_63                   5        1.6793       1.6793       1.6793       1.6793
  node_71                   5        1.7212       1.7212       1.7212       1.7212
  node_87                   5        1.8728       1.8728       1.8728       1.8728
  node_95                   5        1.5739       1.5739       1.5739       1.5739
  node_103                  5        1.7538       1.7538       1.7538       1.7538
  node_111                  5        1.5673       1.5673       1.5673       1.5673
  node_118                  5        1.7796       1.7796       1.7796       1.7796
  node_120                  5        1.8028       1.8028       1.8028       1.8028
  node_127                  5        1.8027       1.8027       1.8027       1.8027
  node_135                  5        1.8176       1.8176       1.8176       1.8176
  node_143                  5        1.8078       1.8078       1.8078       1.8078
  node_151                  5        1.5509       1.5509       1.5509       1.5509
  node_5                    6        1.8410       1.8410       1.8410       1.8410
  node_13                   6        1.7625       1.7625       1.7625       1.7625
  node_21                   6        1.9039       1.9039       1.9039       1.9039
  node_28                   6        1.7472       1.7472       1.7472       1.7472
  node_29                   6        1.9436       1.9436       1.9436       1.9436
  node_45                   6        1.7066       1.7066       1.7066       1.7066
  node_53                   6        1.6724       1.6724       1.6724       1.6724
  node_62                   6        1.9705       1.9705       1.9705       1.9705
  node_69                   6        1.7648       1.7648       1.7648       1.7648
  node_70                   6        1.6871       1.6871       1.6871       1.6871
  node_86                   6        1.8665       1.8665       1.8665       1.8665
  node_94                   6        1.7338       1.7338       1.7338       1.7338
  node_102                  6        1.6492       1.6492       1.6492       1.6492
  node_109                  6        1.8799       1.8799       1.8799       1.8799
  node_110                  6        1.6827       1.6827       1.6827       1.6827
  node_126                  6        1.8276       1.8276       1.8276       1.8276
  node_134                  6        1.8108       1.8108       1.8108       1.8108
  node_142                  6        1.7325       1.7325       1.7325       1.7325
  node_149                  6        1.6537       1.6537       1.6537       1.6537
  node_150                  6        0.8655       0.8655       0.8655       0.8655
  node_0                    7        1.8679       1.8679       1.8679       1.8679
  node_4                    7        1.7148       1.7148       1.7148       1.7148
  node_12                   7        1.7476       1.7476       1.7476       1.7476
  node_20                   7        1.7127       1.7127       1.7127       1.7127
  node_36                   7        1.7707       1.7707       1.7707       1.7707
  node_40                   7        1.6075       1.6075       1.6075       1.6075
  node_44                   7        1.6269       1.6269       1.6269       1.6269
  node_52                   7        1.5952       1.5952       1.5952       1.5952
  node_61                   7        1.7579       1.7579       1.7579       1.7579
  node_77                   7        1.5971       1.5971       1.5971       1.5971
  node_78                   7        1.7064       1.7064       1.7064       1.7064
  node_85                   7        1.6502       1.6502       1.6502       1.6502
  node_93                   7        1.6873       1.6873       1.6873       1.6873
  node_101                  7        1.8289       1.8289       1.8289       1.8289
  node_117                  7        1.8880       1.8880       1.8880       1.8880
  node_121                  7        1.8081       1.8081       1.8081       1.8081
  node_125                  7        1.8057       1.8057       1.8057       1.8057
  node_133                  7        1.7180       1.7180       1.7180       1.7180
  node_141                  7        1.8292       1.8292       1.8292       1.8292
  node_157                  7        1.5720       1.5720       1.5720       1.5720